Flow report for ProjetoHARD
Wed Oct 24 23:20:48 2018
Quartus II Version 9.1 Build 222 10/21/2009 SJ Web Edition


---------------------
; Table of Contents ;
---------------------
  1. Legal Notice
  2. Flow Summary
  3. Flow Settings
  4. Flow Non-Default Global Settings
  5. Flow Elapsed Time
  6. Flow OS Summary
  7. Flow Log



----------------
; Legal Notice ;
----------------
Copyright (C) 1991-2009 Altera Corporation
Your use of Altera Corporation's design tools, logic functions 
and other software and tools, and its AMPP partner logic 
functions, and any output files from any of the foregoing 
(including device programming or simulation files), and any 
associated documentation or information are expressly subject 
to the terms and conditions of the Altera Program License 
Subscription Agreement, Altera MegaCore Function License 
Agreement, or other applicable license agreement, including, 
without limitation, that your use is for the sole purpose of 
programming logic devices manufactured by Altera and sold by 
Altera or its authorized distributors.  Please refer to the 
applicable agreement for further details.



+-------------------------------------------------------------------------+
; Flow Summary                                                            ;
+-------------------------------+-----------------------------------------+
; Flow Status                   ; Successful - Wed Oct 24 23:20:47 2018   ;
; Quartus II Version            ; 9.1 Build 222 10/21/2009 SJ Web Edition ;
; Revision Name                 ; ProjetoHARD                             ;
; Top-level Entity Name         ; Mult                                    ;
; Family                        ; Stratix II                              ;
; Met timing requirements       ; Yes                                     ;
; Logic utilization             ; 4 %                                     ;
;     Combinational ALUTs       ; 349 / 12,480 ( 3 % )                    ;
;     Dedicated logic registers ; 193 / 12,480 ( 2 % )                    ;
; Total registers               ; 193                                     ;
; Total pins                    ; 131 / 343 ( 38 % )                      ;
; Total virtual pins            ; 0                                       ;
; Total block memory bits       ; 0 / 419,328 ( 0 % )                     ;
; DSP block 9-bit elements      ; 0 / 96 ( 0 % )                          ;
; Total PLLs                    ; 0 / 6 ( 0 % )                           ;
; Total DLLs                    ; 0 / 2 ( 0 % )                           ;
; Device                        ; EP2S15F484C3                            ;
; Timing Models                 ; Final                                   ;
+-------------------------------+-----------------------------------------+


+-----------------------------------------+
; Flow Settings                           ;
+-------------------+---------------------+
; Option            ; Setting             ;
+-------------------+---------------------+
; Start date & time ; 10/24/2018 23:19:54 ;
; Main task         ; Compilation         ;
; Revision Name     ; ProjetoHARD         ;
+-------------------+---------------------+


+-----------------------------------------------------------------------------------------------------+
; Flow Non-Default Global Settings                                                                    ;
+------------------------+---------------------------------+---------------+-------------+------------+
; Assignment Name        ; Value                           ; Default Value ; Entity Name ; Section Id ;
+------------------------+---------------------------------+---------------+-------------+------------+
; COMPILER_SIGNATURE_ID  ; 260535869658819.154043399302572 ; --            ; --          ; --         ;
; PARTITION_COLOR        ; 16764057                        ; --            ; Mult        ; Top        ;
; PARTITION_NETLIST_TYPE ; SOURCE                          ; --            ; Mult        ; Top        ;
; TOP_LEVEL_ENTITY       ; Mult                            ; ProjetoHARD   ; --          ; --         ;
+------------------------+---------------------------------+---------------+-------------+------------+


+-----------------------------------------------------------------------------------------------------------------------------+
; Flow Elapsed Time                                                                                                           ;
+-------------------------+--------------+-------------------------+---------------------+------------------------------------+
; Module Name             ; Elapsed Time ; Average Processors Used ; Peak Virtual Memory ; Total CPU Time (on all processors) ;
+-------------------------+--------------+-------------------------+---------------------+------------------------------------+
; Analysis & Synthesis    ; 00:00:16     ; 1.0                     ; 273 MB              ; 00:00:21                           ;
; Fitter                  ; 00:00:20     ; 1.0                     ; 314 MB              ; 00:00:26                           ;
; Assembler               ; 00:00:07     ; 1.0                     ; 268 MB              ; 00:00:07                           ;
; Classic Timing Analyzer ; 00:00:02     ; 1.0                     ; 204 MB              ; 00:00:05                           ;
; Total                   ; 00:00:45     ; --                      ; --                  ; 00:00:59                           ;
+-------------------------+--------------+-------------------------+---------------------+------------------------------------+


+------------------------------------------------------------------------------------------+
; Flow OS Summary                                                                          ;
+-------------------------+------------------+---------------+------------+----------------+
; Module Name             ; Machine Hostname ; OS Name       ; OS Version ; Processor type ;
+-------------------------+------------------+---------------+------------+----------------+
; Analysis & Synthesis    ; DESKTOP-HDTP430  ; Windows Vista ; 6.2        ; x86_64         ;
; Fitter                  ; DESKTOP-HDTP430  ; Windows Vista ; 6.2        ; x86_64         ;
; Assembler               ; DESKTOP-HDTP430  ; Windows Vista ; 6.2        ; x86_64         ;
; Classic Timing Analyzer ; DESKTOP-HDTP430  ; Windows Vista ; 6.2        ; x86_64         ;
+-------------------------+------------------+---------------+------------+----------------+


------------
; Flow Log ;
------------
quartus_map --read_settings_files=on --write_settings_files=off ProjetoHARD -c ProjetoHARD
quartus_fit --read_settings_files=off --write_settings_files=off ProjetoHARD -c ProjetoHARD
quartus_asm --read_settings_files=off --write_settings_files=off ProjetoHARD -c ProjetoHARD
quartus_tan --read_settings_files=off --write_settings_files=off ProjetoHARD -c ProjetoHARD --timing_analysis_only



